生成启动时间为 2018/5/23 星期三 5:52:49。
     1>项目“E:\2018\其他\实习生申请\OnlineBookingSystem\OnlineBookingSystem\OnlineBookingSystem\OnlineBookingSystem.vcxproj”在节点 2 上(Build 个目标)。
     1>ClCompile:
         C:\Program Files (x86)\Microsoft Visual Studio 12.0\VC\bin\CL.exe /c /ZI /nologo /W3 /WX- /sdl /Od /Oy- /D _MBCS /Gm /EHsc /RTC1 /MDd /GS /fp:precise /Zc:wchar_t /Zc:forScope /Fo"Debug\\" /Fd"Debug\vc120.pdb" /Gd /TP /analyze- /errorReport:prompt train_infosystem.cpp
         train_infosystem.cpp
     1>e:\2018\其他\实习生申请\onlinebookingsystem\onlinebookingsystem\onlinebookingsystem\train_info.h(144): warning C4101: “s”: 未引用的局部变量
     1>e:\2018\其他\实习生申请\onlinebookingsystem\onlinebookingsystem\onlinebookingsystem\order_info.h(66): warning C4101: “s”: 未引用的局部变量
     1>e:\2018\其他\实习生申请\onlinebookingsystem\onlinebookingsystem\onlinebookingsystem\train_infosystem.cpp(11): warning C4101: “tnode_start”: 未引用的局部变量
     1>e:\2018\其他\实习生申请\onlinebookingsystem\onlinebookingsystem\onlinebookingsystem\train_infosystem.cpp(12): warning C4101: “i”: 未引用的局部变量
     1>e:\2018\其他\实习生申请\onlinebookingsystem\onlinebookingsystem\onlinebookingsystem\train_infosystem.cpp(10): warning C4101: “str0”: 未引用的局部变量
     1>e:\2018\其他\实习生申请\onlinebookingsystem\onlinebookingsystem\onlinebookingsystem\train_infosystem.cpp(10): warning C4101: “train_route”: 未引用的局部变量
     1>e:\2018\其他\实习生申请\onlinebookingsystem\onlinebookingsystem\onlinebookingsystem\train_infosystem.cpp(104): warning C4018: “<”: 有符号/无符号不匹配
     1>e:\2018\其他\实习生申请\onlinebookingsystem\onlinebookingsystem\onlinebookingsystem\train_infosystem.cpp(75): warning C4101: “str0”: 未引用的局部变量
     1>e:\2018\其他\实习生申请\onlinebookingsystem\onlinebookingsystem\onlinebookingsystem\train_infosystem.cpp(75): warning C4101: “str”: 未引用的局部变量
     1>e:\2018\其他\实习生申请\onlinebookingsystem\onlinebookingsystem\onlinebookingsystem\train_infosystem.cpp(393): warning C4101: “s”: 未引用的局部变量
     1>e:\2018\其他\实习生申请\onlinebookingsystem\onlinebookingsystem\onlinebookingsystem\train_infosystem.cpp(392): warning C4101: “temp”: 未引用的局部变量
     1>e:\2018\其他\实习生申请\onlinebookingsystem\onlinebookingsystem\onlinebookingsystem\train_infosystem.cpp(395): warning C4101: “stype”: 未引用的局部变量
     1>e:\2018\其他\实习生申请\onlinebookingsystem\onlinebookingsystem\onlinebookingsystem\train_infosystem.cpp(390): warning C4101: “Q1”: 未引用的局部变量
     1>e:\2018\其他\实习生申请\onlinebookingsystem\onlinebookingsystem\onlinebookingsystem\train_infosystem.cpp(391): warning C4101: “t”: 未引用的局部变量
     1>e:\2018\其他\实习生申请\onlinebookingsystem\onlinebookingsystem\onlinebookingsystem\train_infosystem.cpp(394): warning C4101: “str”: 未引用的局部变量
     1>e:\2018\其他\实习生申请\onlinebookingsystem\onlinebookingsystem\onlinebookingsystem\train_infosystem.cpp(490): warning C4101: “str0”: 未引用的局部变量
     1>e:\2018\其他\实习生申请\onlinebookingsystem\onlinebookingsystem\onlinebookingsystem\train_infosystem.cpp(490): warning C4101: “train_num”: 未引用的局部变量
     1>e:\2018\其他\实习生申请\onlinebookingsystem\onlinebookingsystem\onlinebookingsystem\train_infosystem.cpp(609): warning C4101: “len”: 未引用的局部变量
     1>e:\2018\其他\实习生申请\onlinebookingsystem\onlinebookingsystem\onlinebookingsystem\train_infosystem.cpp(797): warning C4101: “tnum”: 未引用的局部变量
     1>e:\2018\其他\实习生申请\onlinebookingsystem\onlinebookingsystem\onlinebookingsystem\train_infosystem.cpp(797): warning C4101: “str0”: 未引用的局部变量
     1>e:\2018\其他\实习生申请\onlinebookingsystem\onlinebookingsystem\onlinebookingsystem\train_infosystem.cpp(797): warning C4101: “str”: 未引用的局部变量
     1>e:\2018\其他\实习生申请\onlinebookingsystem\onlinebookingsystem\onlinebookingsystem\train_info.h(55): warning C4715: “Init_tinfo”: 不是所有的控件路径都返回值
     1>e:\2018\其他\实习生申请\onlinebookingsystem\onlinebookingsystem\onlinebookingsystem\train_info.h(46): warning C4715: “Init_tnode”: 不是所有的控件路径都返回值
       Link:
         C:\Program Files (x86)\Microsoft Visual Studio 12.0\VC\bin\link.exe /ERRORREPORT:PROMPT /OUT:"E:\2018\其他\实习生申请\OnlineBookingSystem\OnlineBookingSystem\Debug\OnlineBookingSystem.exe" /INCREMENTAL /NOLOGO kernel32.lib user32.lib gdi32.lib winspool.lib comdlg32.lib advapi32.lib shell32.lib ole32.lib oleaut32.lib uuid.lib odbc32.lib odbccp32.lib /MANIFEST /MANIFESTUAC:"level='asInvoker' uiAccess='false'" /manifest:embed /DEBUG /PDB:"E:\2018\其他\实习生申请\OnlineBookingSystem\OnlineBookingSystem\Debug\OnlineBookingSystem.pdb" /TLBID:1 /DYNAMICBASE /NXCOMPAT /IMPLIB:"E:\2018\其他\实习生申请\OnlineBookingSystem\OnlineBookingSystem\Debug\OnlineBookingSystem.lib" /MACHINE:X86 Debug\train_infosystem.obj
         OnlineBookingSystem.vcxproj -> E:\2018\其他\实习生申请\OnlineBookingSystem\OnlineBookingSystem\Debug\OnlineBookingSystem.exe
     1>已完成生成项目“E:\2018\其他\实习生申请\OnlineBookingSystem\OnlineBookingSystem\OnlineBookingSystem\OnlineBookingSystem.vcxproj”(Build 个目标)的操作。

生成成功。

已用时间 00:00:02.29
